2025-03-21T21:58:54.794+05:30  INFO 14944 --- [BookStoreApplication] [main] c.d.b.BookStoreApplication               : Starting BookStoreApplication using Java 23.0.2 with PID 14944 (C:\Users\USER\OneDrive\Documents\Incture EK25 Workspace\BookStoreApplication\target\classes started by USER in C:\Users\USER\OneDrive\Documents\Incture EK25 Workspace\BookStoreApplication)
2025-03-21T21:58:54.798+05:30 DEBUG 14944 --- [BookStoreApplication] [main] c.d.b.BookStoreApplication               : Running with Spring Boot v3.4.3, Spring v6.2.3
2025-03-21T21:58:54.799+05:30  INFO 14944 --- [BookStoreApplication] [main] c.d.b.BookStoreApplication               : No active profile set, falling back to 1 default profile: "default"
2025-03-21T21:58:56.484+05:30  INFO 14944 --- [BookStoreApplication] [main] .s.d.r.c.RepositoryConfigurationDelegate : Bootstrapping Spring Data JPA repositories in DEFAULT mode.
2025-03-21T21:58:56.568+05:30  INFO 14944 --- [BookStoreApplication] [main] .s.d.r.c.RepositoryConfigurationDelegate : Finished Spring Data repository scanning in 70 ms. Found 1 JPA repository interface.
2025-03-21T21:58:57.691+05:30  INFO 14944 --- [BookStoreApplication] [main] o.s.b.w.embedded.tomcat.TomcatWebServer  : Tomcat initialized with port 8071 (http)
2025-03-21T21:58:57.712+05:30  INFO 14944 --- [BookStoreApplication] [main] o.apache.catalina.core.StandardService   : Starting service [Tomcat]
2025-03-21T21:58:57.712+05:30  INFO 14944 --- [BookStoreApplication] [main] o.apache.catalina.core.StandardEngine    : Starting Servlet engine: [Apache Tomcat/10.1.36]
2025-03-21T21:58:57.805+05:30  INFO 14944 --- [BookStoreApplication] [main] o.a.c.c.C.[Tomcat].[localhost].[/]       : Initializing Spring embedded WebApplicationContext
2025-03-21T21:58:57.806+05:30  INFO 14944 --- [BookStoreApplication] [main] w.s.c.ServletWebServerApplicationContext : Root WebApplicationContext: initialization completed in 2913 ms
2025-03-21T21:58:58.235+05:30  INFO 14944 --- [BookStoreApplication] [main] o.hibernate.jpa.internal.util.LogHelper  : HHH000204: Processing PersistenceUnitInfo [name: default]
2025-03-21T21:58:58.314+05:30  INFO 14944 --- [BookStoreApplication] [main] org.hibernate.Version                    : HHH000412: Hibernate ORM core version 6.6.8.Final
2025-03-21T21:58:58.376+05:30  INFO 14944 --- [BookStoreApplication] [main] o.h.c.internal.RegionFactoryInitiator    : HHH000026: Second-level cache disabled
2025-03-21T21:58:58.812+05:30  INFO 14944 --- [BookStoreApplication] [main] o.s.o.j.p.SpringPersistenceUnitInfo      : No LoadTimeWeaver setup: ignoring JPA class transformer
2025-03-21T21:58:58.859+05:30  INFO 14944 --- [BookStoreApplication] [main] com.zaxxer.hikari.HikariDataSource       : HikariPool-1 - Starting...
2025-03-21T21:58:59.521+05:30  INFO 14944 --- [BookStoreApplication] [main] com.zaxxer.hikari.pool.HikariPool        : HikariPool-1 - Added connection com.mysql.cj.jdbc.ConnectionImpl@6ca367aa
2025-03-21T21:58:59.524+05:30  INFO 14944 --- [BookStoreApplication] [main] com.zaxxer.hikari.HikariDataSource       : HikariPool-1 - Start completed.
2025-03-21T21:58:59.595+05:30  WARN 14944 --- [BookStoreApplication] [main] org.hibernate.orm.deprecation            : HHH90000025: MySQL8Dialect does not need to be specified explicitly using 'hibernate.dialect' (remove the property setting and it will be selected by default)
2025-03-21T21:58:59.597+05:30  WARN 14944 --- [BookStoreApplication] [main] org.hibernate.orm.deprecation            : HHH90000026: MySQL8Dialect has been deprecated; use org.hibernate.dialect.MySQLDialect instead
2025-03-21T21:58:59.625+05:30  INFO 14944 --- [BookStoreApplication] [main] org.hibernate.orm.connections.pooling    : HHH10001005: Database info:
	Database JDBC URL [Connecting through datasource 'HikariDataSource (HikariPool-1)']
	Database driver: undefined/unknown
	Database version: 8.0
	Autocommit mode: undefined/unknown
	Isolation level: undefined/unknown
	Minimum pool size: undefined/unknown
	Maximum pool size: undefined/unknown
2025-03-21T21:59:00.901+05:30  INFO 14944 --- [BookStoreApplication] [main] o.h.e.t.j.p.i.JtaPlatformInitiator       : HHH000489: No JTA platform available (set 'hibernate.transaction.jta.platform' to enable JTA platform integration)
2025-03-21T21:59:00.997+05:30  INFO 14944 --- [BookStoreApplication] [main] j.LocalContainerEntityManagerFactoryBean : Initialized JPA EntityManagerFactory for persistence unit 'default'
2025-03-21T21:59:01.462+05:30  WARN 14944 --- [BookStoreApplication] [main] JpaBaseConfiguration$JpaWebConfiguration : spring.jpa.open-in-view is enabled by default. Therefore, database queries may be performed during view rendering. Explicitly configure spring.jpa.open-in-view to disable this warning
2025-03-21T21:59:01.924+05:30  WARN 14944 --- [BookStoreApplication] [main] ion$DefaultTemplateResolverConfiguration : Cannot find template location: classpath:/templates/ (please add some templates, check your Thymeleaf configuration, or set spring.thymeleaf.check-template-location=false)
2025-03-21T21:59:02.632+05:30  INFO 14944 --- [BookStoreApplication] [main] o.s.b.a.e.web.EndpointLinksResolver      : Exposing 2 endpoints beneath base path '/actuator'
2025-03-21T21:59:02.768+05:30  INFO 14944 --- [BookStoreApplication] [main] o.s.b.w.embedded.tomcat.TomcatWebServer  : Tomcat started on port 8071 (http) with context path '/'
2025-03-21T21:59:02.787+05:30  INFO 14944 --- [BookStoreApplication] [main] c.d.b.BookStoreApplication               : Started BookStoreApplication in 8.703 seconds (process running for 9.799)
2025-03-21T21:59:03.248+05:30  INFO 14944 --- [BookStoreApplication] [RMI TCP Connection(4)-127.0.0.1] o.a.c.c.C.[Tomcat].[localhost].[/]       : Initializing Spring DispatcherServlet 'dispatcherServlet'
2025-03-21T21:59:03.248+05:30  INFO 14944 --- [BookStoreApplication] [RMI TCP Connection(4)-127.0.0.1] o.s.web.servlet.DispatcherServlet        : Initializing Servlet 'dispatcherServlet'
2025-03-21T21:59:03.250+05:30  INFO 14944 --- [BookStoreApplication] [RMI TCP Connection(4)-127.0.0.1] o.s.web.servlet.DispatcherServlet        : Completed initialization in 2 ms
2025-03-21T21:59:55.354+05:30  INFO 14944 --- [BookStoreApplication] [http-nio-8071-exec-1] c.d.bookStoreApplication.BookController  : Fetching book list
2025-03-21T21:59:55.355+05:30  INFO 14944 --- [BookStoreApplication] [http-nio-8071-exec-1] c.demo.bookStoreApplication.BookService  : Fetching all books
2025-03-21T22:00:09.609+05:30  INFO 14944 --- [BookStoreApplication] [http-nio-8071-exec-3] c.d.bookStoreApplication.BookController  : Fetching book with id: 2
2025-03-21T22:00:09.609+05:30  INFO 14944 --- [BookStoreApplication] [http-nio-8071-exec-3] c.demo.bookStoreApplication.BookService  : Fetching book with id: 2
2025-03-21T22:00:17.664+05:30  INFO 14944 --- [BookStoreApplication] [http-nio-8071-exec-4] c.d.bookStoreApplication.BookController  : Fetching book list
2025-03-21T22:00:17.665+05:30  INFO 14944 --- [BookStoreApplication] [http-nio-8071-exec-4] c.demo.bookStoreApplication.BookService  : Fetching all books
2025-03-21T22:00:28.694+05:30  WARN 14944 --- [BookStoreApplication] [http-nio-8071-exec-5] c.d.bookStoreApplication.BookController  : Deleting book with id: 8
2025-03-21T22:00:28.694+05:30  WARN 14944 --- [BookStoreApplication] [http-nio-8071-exec-5] c.demo.bookStoreApplication.BookService  : Deleting book with id: 8
2025-03-21T22:00:33.261+05:30  INFO 14944 --- [BookStoreApplication] [RMI TCP Connection(7)-127.0.0.1] inMXBeanRegistrar$SpringApplicationAdmin : Application shutdown requested.
2025-03-21T22:00:33.265+05:30  INFO 14944 --- [BookStoreApplication] [RMI TCP Connection(7)-127.0.0.1] o.s.b.w.e.tomcat.GracefulShutdown        : Commencing graceful shutdown. Waiting for active requests to complete
2025-03-21T22:00:33.282+05:30  INFO 14944 --- [BookStoreApplication] [tomcat-shutdown] o.s.b.w.e.tomcat.GracefulShutdown        : Graceful shutdown complete
2025-03-21T22:00:33.290+05:30  INFO 14944 --- [BookStoreApplication] [RMI TCP Connection(7)-127.0.0.1] j.LocalContainerEntityManagerFactoryBean : Closing JPA EntityManagerFactory for persistence unit 'default'
2025-03-21T22:00:33.294+05:30  INFO 14944 --- [BookStoreApplication] [RMI TCP Connection(7)-127.0.0.1] com.zaxxer.hikari.HikariDataSource       : HikariPool-1 - Shutdown initiated...
2025-03-21T22:00:33.306+05:30  INFO 14944 --- [BookStoreApplication] [RMI TCP Connection(7)-127.0.0.1] com.zaxxer.hikari.HikariDataSource       : HikariPool-1 - Shutdown completed.
